build/app/intermediates/manifest_merge_blame_file/release/manifest-merger-blame-release-report.txt
1<?xml version="1.0" encoding="utf-8"?>
2<manifest xmlns:android="http://schemas.android.com/apk/res/android"
3    package="com.itg.notesapp"
4    android:versionCode="1"
5    android:versionName="2.0.0" >
6
7    <uses-sdk
8        android:minSdkVersion="21"
8-->src\main\AndroidManifest.xml
9        android:targetSdkVersion="34" />
9-->src\main\AndroidManifest.xml
10    <!--
11         Required to query activities that can process text, see:
12        https://developer.android.com/training/package-visibility?hl=en and
13        https://developer.android.com/reference/android/content/Intent#ACTION_PROCESS_TEXT.
14
15        In particular, this is used by the Flutter engine in io.flutter.plugin.text.ProcessTextPlugin.
16    -->
17    <queries>
17-->src\main\AndroidManifest.xml:38:5-43:15
18        <intent>
18-->src\main\AndroidManifest.xml:39:9-42:18
19            <action android:name="android.intent.action.PROCESS_TEXT" />
19-->src\main\AndroidManifest.xml:40:13-72
19-->src\main\AndroidManifest.xml:40:21-70
20
21            <data android:mimeType="text/plain" />
21-->src\main\AndroidManifest.xml:41:13-50
21-->src\main\AndroidManifest.xml:41:19-48
22        </intent>
23    </queries>
24
25    <application
26        android:name="android.app.Application"
26-->src\main\AndroidManifest.xml:4:9-42
27        android:appComponentFactory="androidx.core.app.CoreComponentFactory"
27-->[androidx.core:core:1.6.0] AndroidManifest.xml:24:18-86
28        android:icon="@mipmap/ic_launcher"
28-->src\main\AndroidManifest.xml:5:9-43
29        android:label="NotesApp" >
29-->src\main\AndroidManifest.xml:3:9-33
30        <activity
30-->src\main\AndroidManifest.xml:6:9-26:20
31            android:name="com.itg.notesapp.MainActivity"
31-->src\main\AndroidManifest.xml:7:13-41
32            android:configChanges="orientation|keyboardHidden|keyboard|screenSize|smallestScreenSize|locale|layoutDirection|fontScale|screenLayout|density|uiMode"
32-->src\main\AndroidManifest.xml:11:13-163
33            android:exported="true"
33-->src\main\AndroidManifest.xml:8:13-36
34            android:hardwareAccelerated="true"
34-->src\main\AndroidManifest.xml:12:13-47
35            android:launchMode="singleTop"
35-->src\main\AndroidManifest.xml:9:13-43
36            android:theme="@style/LaunchTheme"
36-->src\main\AndroidManifest.xml:10:13-47
37            android:windowSoftInputMode="adjustResize" >
37-->src\main\AndroidManifest.xml:13:13-55
38
39            <!--
40                 Specifies an Android theme to apply to this Activity as soon as
41                the Android process has started. This theme is visible to the user
42                while the Flutter UI initializes. After that, this theme continues
43                to determine the Window background behind the Flutter UI.
44            -->
45            <meta-data
45-->src\main\AndroidManifest.xml:18:13-21:19
46                android:name="io.flutter.embedding.android.NormalTheme"
46-->src\main\AndroidManifest.xml:19:17-72
47                android:resource="@style/NormalTheme" />
47-->src\main\AndroidManifest.xml:20:17-54
48
49            <intent-filter>
49-->src\main\AndroidManifest.xml:22:13-25:29
50                <action android:name="android.intent.action.MAIN" />
50-->src\main\AndroidManifest.xml:23:17-68
50-->src\main\AndroidManifest.xml:23:25-66
51
52                <category android:name="android.intent.category.LAUNCHER" />
52-->src\main\AndroidManifest.xml:24:17-76
52-->src\main\AndroidManifest.xml:24:27-74
53            </intent-filter>
54        </activity>
55        <!--
56             Don't delete the meta-data below.
57            This is used by the Flutter tool to generate GeneratedPluginRegistrant.java
58        -->
59        <meta-data
59-->src\main\AndroidManifest.xml:29:9-31:33
60            android:name="flutterEmbedding"
60-->src\main\AndroidManifest.xml:30:13-44
61            android:value="2" />
61-->src\main\AndroidManifest.xml:31:13-30
62
63        <uses-library
63-->[androidx.window:window:1.0.0-beta04] AndroidManifest.xml:25:9-27:40
64            android:name="androidx.window.extensions"
64-->[androidx.window:window:1.0.0-beta04] AndroidManifest.xml:26:13-54
65            android:required="false" />
65-->[androidx.window:window:1.0.0-beta04] AndroidManifest.xml:27:13-37
66        <uses-library
66-->[androidx.window:window:1.0.0-beta04] AndroidManifest.xml:28:9-30:40
67            android:name="androidx.window.sidecar"
67-->[androidx.window:window:1.0.0-beta04] AndroidManifest.xml:29:13-51
68            android:required="false" />
68-->[androidx.window:window:1.0.0-beta04] AndroidManifest.xml:30:13-37
69    </application>
70
71</manifest>